<?xml version="1.0" encoding="UTF-8"?>
<!-- Generated by org.testng.reporters.JUnitReportReporter -->
<testsuite hostname="DESKTOP-GIQCQ00" failures="0" tests="1" name="com.vfislk.test.TestLogin" time="15.183" errors="0" timestamp="2021-07-26T11:40:11 IST" skipped="0">
  <testcase classname="com.vfislk.test.TestLogin" name="validCredential" time="15.183"/>
  <system-out/>
</testsuite> <!-- com.vfislk.test.TestLogin -->
