<?xml version="1.0" encoding="UTF-8"?>
<!-- Generated by org.testng.reporters.JUnitReportReporter -->
<testsuite hostname="DESKTOP-GIQCQ00" failures="0" tests="1" name="LoginTest" time="0.014" errors="0" timestamp="2021-07-23T13:05:04 IST" skipped="0">
  <testcase classname="LoginTest" name="valid" time="0.014"/>
  <system-out/>
</testsuite> <!-- LoginTest -->
